Caricamento dell'estensione "PostScript Input" fallita a causa di una dipendenza non è stata soddisfatta.
Dipendenza:
	tipo: executable
	posizione: tracciato
	stringa: ps2pdf

Caricamento dell'estensione "XFIG Input" fallita a causa di una dipendenza non è stata soddisfatta.
Dipendenza:
	tipo: executable
	posizione: tracciato
	stringa: fig2dev

Caricamento dell'estensione "EPS Input" fallita a causa di una dipendenza non è stata soddisfatta.
Dipendenza:
	tipo: executable
	posizione: tracciato
	stringa: ps2pdf

Caricamento dell'estensione "LaTeX (pdflatex)" fallita a causa di una dipendenza non è stata soddisfatta.
Dipendenza:
	tipo: executable
	posizione: tracciato
	stringa: pdflatex

Caricamento dell'estensione "Export to PDF via Scribus" fallita a causa di una dipendenza non è stata soddisfatta.
Dipendenza:
	tipo: executable
	posizione: tracciato
	stringa: scribus

Caricamento dell'estensione "GIMP XCF" fallita a causa di una dipendenza non è stata soddisfatta.
Dipendenza:
	tipo: executable
	posizione: tracciato
	stringa: gimp

